<?xml version="1.0" encoding="UTF-8"?>
<testsuite name="net.ict.springex.service.TodoServiceTest" tests="1" skipped="0" failures="0" errors="0" timestamp="2022-11-14T08:02:51" hostname="DESKTOP-QPH7EST" time="0.115">
  <properties/>
  <testcase name="testRegister()" classname="net.ict.springex.service.TodoServiceTest" time="0.115"/>
  <system-out><![CDATA[05:02:50  INFO [org.springframework.test.context.support.DefaultTestContextBootstrapper] Loaded default TestExecutionListener class names from location [META-INF/spring.factories]: [org.springframework.test.context.web.ServletTestExecutionListener, org.springframework.test.context.support.DirtiesContextBeforeModesTestExecutionListener, org.springframework.test.context.event.ApplicationEventsTestExecutionListener, org.springframework.test.context.support.DependencyInjectionTestExecutionListener, org.springframework.test.context.support.DirtiesContextTestExecutionListener, org.springframework.test.context.transaction.TransactionalTestExecutionListener, org.springframework.test.context.jdbc.SqlScriptsTestExecutionListener, org.springframework.test.context.event.EventPublishingTestExecutionListener]
05:02:50  INFO [org.springframework.test.context.support.DefaultTestContextBootstrapper] Using TestExecutionListeners: [org.springframework.test.context.support.DirtiesContextBeforeModesTestExecutionListener@6f8d7714, org.springframework.test.context.event.ApplicationEventsTestExecutionListener@1e6b9a95, org.springframework.test.context.support.DependencyInjectionTestExecutionListener@4d6f623d, org.springframework.test.context.support.DirtiesContextTestExecutionListener@aa21042, org.springframework.test.context.transaction.TransactionalTestExecutionListener@e93f3d5, org.springframework.test.context.jdbc.SqlScriptsTestExecutionListener@4cee7fa0, org.springframework.test.context.event.EventPublishingTestExecutionListener@7a26928a]
05:02:51  INFO [com.zaxxer.hikari.HikariDataSource] HikariPool-1 - Starting...
05:02:51  INFO [com.zaxxer.hikari.pool.HikariPool] HikariPool-1 - Added connection org.mariadb.jdbc.Connection@76563d26
05:02:51  INFO [com.zaxxer.hikari.HikariDataSource] HikariPool-1 - Start completed.
05:02:51  INFO [net.ict.springex.service.TodoServiceImpl] org.modelmapper.ModelMapper@45e9b12d
05:02:51  INFO [net.ict.springex.service.TodoServiceImpl] TodoVO(tno=null, title=test TodoDTO........, finished=false, writer=ict01, dueDate=2022-11-14)
05:02:51 DEBUG [net.ict.springex.mapper.TodoMapper.insert] ==>  Preparing: insert into tbl_todo (title, dueDate, writer) values ( ?, ?, ?)
05:02:51 DEBUG [net.ict.springex.mapper.TodoMapper.insert] ==> Parameters: test TodoDTO........(String), 2022-11-14(LocalDate), ict01(String)
05:02:51 DEBUG [net.ict.springex.mapper.TodoMapper.insert] <==    Updates: 1
]]></system-out>
  <system-err><![CDATA[]]></system-err>
</testsuite>
